This is pdfTeX, Version 3.1415926-2.5-1.40.14 (MiKTeX 2.9) (preloaded format=latex 2014.1.8)  7 APR 2014 22:16
entering extended mode
**exemplepolort.tex
(D:\Radu\carti\carteanum\romslides\demo\exemplepolort.tex
LaTeX2e <2011/06/27>
Babel <v3.8m> and hyphenation patterns for english, afrikaans, ancientgreek, arabic, armenian, assamese, basque, bengali
, bokmal, bulgarian, catalan, coptic, croatian, czech, danish, dutch, esperanto, estonian, farsi, finnish, french, galic
ian, german, german-x-2013-05-26, greek, gujarati, hindi, hungarian, icelandic, indonesian, interlingua, irish, italian,
 kannada, kurmanji, latin, latvian, lithuanian, malayalam, marathi, mongolian, mongolianlmc, monogreek, ngerman, ngerman
-x-2013-05-26, nynorsk, oriya, panjabi, pinyin, polish, portuguese, romanian, russian, sanskrit, serbian, slovak, sloven
ian, spanish, swedish, swissgerman, tamil, telugu, turkish, turkmen, ukenglish, ukrainian, uppersorbian, usenglishmax, w
elsh, loaded.
("C:\Program Files (x86)\MiKTeX 2.9\tex\latex\base\article.cls"
Document Class: article 2007/10/19 v1.4h Standard LaTeX document class
("C:\Program Files (x86)\MiKTeX 2.9\tex\latex\base\size10.clo"
File: size10.clo 2007/10/19 v1.4h Standard LaTeX file (size option)
)
\c@part=\count79
\c@section=\count80
\c@subsection=\count81
\c@subsubsection=\count82
\c@paragraph=\count83
\c@subparagraph=\count84
\c@figure=\count85
\c@table=\count86
\abovecaptionskip=\skip41
\belowcaptionskip=\skip42
\bibindent=\dimen102
)
("C:\Program Files (x86)\MiKTeX 2.9\tex\latex\maple\maplestd2e.sty"
Package: maple2e 2005/03/17 v1.16
Package: maplestd2e 2005/03/17 maple2eMaple Latex Style Package -- 2005/03/17 maple2e
Defining Maple Utility Macros
\@MapleTabSize=\dimen103
\MapleListCorrection=\toks14
("C:\Program Files (x86)\MiKTeX 2.9\tex\latex\maple\mapleenv.def"
\AboveMapleSkip=\skip43
\BelowMapleSkip=\skip44
\LeftMapleSkip=\dimen104
\AboveMaplePlot=\skip45
\BelowMaplePlot=\skip46
\MaplePlotHeight=\dimen105
\MaplePlotWidth=\dimen106
\MaplePlotHeight@Fudge=\dimen107
\MaplePlotWidth@Fudge=\dimen108
\MapleSepLineWidth=\dimen109
\MapleTab=\count87
\MaplePromptString=\toks15
\MaplePromptSecondary=\toks16
\MapleSepLineHeight=\dimen110
)
\newleftskip=\skip47
\mapleinputbox=\box26
\maplebox=\box27
\Tab=\dimen111
\@inlinebox=\box28
\cellwidth=\dimen112

Defining Maple Plot Environemnts
 ...Defaults to "dvips" Driver 
("C:\Program Files (x86)\MiKTeX 2.9\tex\latex\graphics\epsfig.sty"
Package: epsfig 1999/02/16 v1.7a (e)psfig emulation (SPQR)

("C:\Program Files (x86)\MiKTeX 2.9\tex\latex\graphics\graphicx.sty"
Package: graphicx 1999/02/16 v1.0f Enhanced LaTeX Graphics (DPC,SPQR)

("C:\Program Files (x86)\MiKTeX 2.9\tex\latex\graphics\keyval.sty"
Package: keyval 1999/03/16 v1.13 key=value parser (DPC)
\KV@toks@=\toks17
)
("C:\Program Files (x86)\MiKTeX 2.9\tex\latex\graphics\graphics.sty"
Package: graphics 2009/02/05 v1.0o Standard LaTeX Graphics (DPC,SPQR)

("C:\Program Files (x86)\MiKTeX 2.9\tex\latex\graphics\trig.sty"
Package: trig 1999/03/16 v1.09 sin cos tan (DPC)
)
("C:\Program Files (x86)\MiKTeX 2.9\tex\latex\00miktex\graphics.cfg"
File: graphics.cfg 2007/01/18 v1.5 graphics configuration of teTeX/TeXLive
)
Package graphics Info: Driver file: dvips.def on input line 91.

("C:\Program Files (x86)\MiKTeX 2.9\tex\latex\graphics\dvips.def"
File: dvips.def 1999/02/16 v3.0i Driver-dependant file (DPC,SPQR)
))
\Gin@req@height=\dimen113
\Gin@req@width=\dimen114
)
\epsfxsize=\dimen115
\epsfysize=\dimen116
)
Defining Automatic Style Generation Macros
\maplettybox=\box29
Defining Maple Spreadsheet Environments
Maple Spreadsheet and Table Support
\multilinesep=\dimen117
\@linebuffer=\box30
\@currentline=\box31
\@linebufferwidth=\dimen118
\EndMultiLine=\toks18
) (D:\Radu\carti\carteanum\romslides\demo\exemplepolort.aux)
LaTeX Font Info:    Checking defaults for OML/cmm/m/it on input line 7.
LaTeX Font Info:    ... okay on input line 7.
LaTeX Font Info:    Checking defaults for T1/cmr/m/n on input line 7.
LaTeX Font Info:    ... okay on input line 7.
LaTeX Font Info:    Checking defaults for OT1/cmr/m/n on input line 7.
LaTeX Font Info:    ... okay on input line 7.
LaTeX Font Info:    Checking defaults for OMS/cmsy/m/n on input line 7.
LaTeX Font Info:    ... okay on input line 7.
LaTeX Font Info:    Checking defaults for OMX/cmex/m/n on input line 7.
LaTeX Font Info:    ... okay on input line 7.
LaTeX Font Info:    Checking defaults for U/cmr/m/n on input line 7.
LaTeX Font Info:    ... okay on input line 7.
LaTeX Font Info:    External font `cmex10' loaded for size
(Font)              <7> on input line 27.
LaTeX Font Info:    External font `cmex10' loaded for size
(Font)              <5> on input line 27.
 [1

]
Overfull \hbox (6.99715pt too wide) in paragraph at lines 212--212
[][] \OT1/cmtt/m/n/10 pi[k](t)=sort(expand(P(k,a,b,t))/lcoeff(expand(P(k,a,b,t)))); 
 []

[2] (D:\Radu\carti\carteanum\romslides\demo\exemplepolort.aux) ) 
Here is how much of TeX's memory you used:
 773 strings out of 493922
 10096 string characters out of 3144903
 62971 words of memory out of 3000000
 4124 multiletter control sequences out of 15000+200000
 3808 words of font info for 15 fonts, out of 3000000 for 9000
 841 hyphenation exceptions out of 8191
 42i,5n,27p,266b,145s stack positions out of 5000i,500n,10000p,200000b,50000s

Output written on exemplepolort.dvi (2 pages, 3752 bytes).
